<?xml version="1.0" encoding="UTF-8"?>
<testng-results ignored="0" total="5" passed="5" failed="0" skipped="0">
  <reporter-output>
  </reporter-output>
  <suite started-at="2024-02-15T12:27:51 IST" name="Suite" finished-at="2024-02-15T12:30:29 IST" duration-ms="157566">
    <groups>
      <group name="Master">
        <method signature="TC_001_FindDetailsOfBookShelves.searchbookshelves()[pri:1, instance:TestCases.TC_003_GiftCards@6743e411]" name="searchbookshelves" class="TestCases.TC_001_FindDetailsOfBookShelves"/>
        <method signature="TC_002_ItemsUnderLiving.Items()[pri:3, instance:TestCases.TC_003_GiftCards@6743e411]" name="Items" class="TestCases.TC_002_ItemsUnderLiving"/>
        <method signature="TC_003_GiftCards.ClickGiftCards(java.lang.String,java.lang.String,java.lang.String,java.lang.String,java.lang.String,java.lang.String,java.lang.String,java.lang.String,java.lang.String,java.lang.String,java.lang.String)[pri:4, instance:TestCases.TC_003_GiftCards@6743e411]" name="ClickGiftCards" class="TestCases.TC_003_GiftCards"/>
        <method signature="TC_003_GiftCards.GetErrorMsg()[pri:6, instance:TestCases.TC_003_GiftCards@6743e411]" name="GetErrorMsg" class="TestCases.TC_003_GiftCards"/>
        <method signature="TC_003_GiftCards.ValidateDetails(java.lang.String,java.lang.String,java.lang.String,java.lang.String,java.lang.String,java.lang.String,java.lang.String,java.lang.String,java.lang.String,java.lang.String,java.lang.String)[pri:7, instance:TestCases.TC_003_GiftCards@6743e411]" name="ValidateDetails" class="TestCases.TC_003_GiftCards"/>
      </group> <!-- Master -->
      <group name="Sanity">
        <method signature="TC_001_FindDetailsOfBookShelves.searchbookshelves()[pri:1, instance:TestCases.TC_003_GiftCards@6743e411]" name="searchbookshelves" class="TestCases.TC_001_FindDetailsOfBookShelves"/>
        <method signature="TC_002_ItemsUnderLiving.Items()[pri:3, instance:TestCases.TC_003_GiftCards@6743e411]" name="Items" class="TestCases.TC_002_ItemsUnderLiving"/>
        <method signature="TC_003_GiftCards.ClickGiftCards(java.lang.String,java.lang.String,java.lang.String,java.lang.String,java.lang.String,java.lang.String,java.lang.String,java.lang.String,java.lang.String,java.lang.String,java.lang.String)[pri:4, instance:TestCases.TC_003_GiftCards@6743e411]" name="ClickGiftCards" class="TestCases.TC_003_GiftCards"/>
        <method signature="TC_003_GiftCards.GetErrorMsg()[pri:6, instance:TestCases.TC_003_GiftCards@6743e411]" name="GetErrorMsg" class="TestCases.TC_003_GiftCards"/>
        <method signature="TC_003_GiftCards.ValidateDetails(java.lang.String,java.lang.String,java.lang.String,java.lang.String,java.lang.String,java.lang.String,java.lang.String,java.lang.String,java.lang.String,java.lang.String,java.lang.String)[pri:7, instance:TestCases.TC_003_GiftCards@6743e411]" name="ValidateDetails" class="TestCases.TC_003_GiftCards"/>
      </group> <!-- Sanity -->
      <group name="Regression">
        <method signature="TC_001_FindDetailsOfBookShelves.searchbookshelves()[pri:1, instance:TestCases.TC_003_GiftCards@6743e411]" name="searchbookshelves" class="TestCases.TC_001_FindDetailsOfBookShelves"/>
        <method signature="TC_002_ItemsUnderLiving.Items()[pri:3, instance:TestCases.TC_003_GiftCards@6743e411]" name="Items" class="TestCases.TC_002_ItemsUnderLiving"/>
        <method signature="TC_003_GiftCards.ClickGiftCards(java.lang.String,java.lang.String,java.lang.String,java.lang.String,java.lang.String,java.lang.String,java.lang.String,java.lang.String,java.lang.String,java.lang.String,java.lang.String)[pri:4, instance:TestCases.TC_003_GiftCards@6743e411]" name="ClickGiftCards" class="TestCases.TC_003_GiftCards"/>
        <method signature="TC_003_GiftCards.GetErrorMsg()[pri:6, instance:TestCases.TC_003_GiftCards@6743e411]" name="GetErrorMsg" class="TestCases.TC_003_GiftCards"/>
        <method signature="TC_003_GiftCards.ValidateDetails(java.lang.String,java.lang.String,java.lang.String,java.lang.String,java.lang.String,java.lang.String,java.lang.String,java.lang.String,java.lang.String,java.lang.String,java.lang.String)[pri:7, instance:TestCases.TC_003_GiftCards@6743e411]" name="ValidateDetails" class="TestCases.TC_003_GiftCards"/>
      </group> <!-- Regression -->
    </groups>
    <test started-at="2024-02-15T12:27:51 IST" name="Test1" finished-at="2024-02-15T12:30:29 IST" duration-ms="157566">
      <class name="TestCases.TC_003_GiftCards">
        <test-method is-config="true" signature="setUp(java.lang.String,java.lang.String)[pri:0, instance:TestCases.TC_003_GiftCards@6743e411]" started-at="2024-02-15T12:27:52 IST" name="setUp" finished-at="2024-02-15T12:28:05 IST" duration-ms="13368" status="PASS">
          <params>
            <param index="0">
              <value>
                <![CDATA[Windows]]>
              </value>
            </param>
            <param index="1">
              <value>
                <![CDATA[chrome]]>
              </value>
            </param>
          </params>
          <reporter-output>
          </reporter-output>
        </test-method> <!-- setUp -->
        <test-method signature="searchbookshelves()[pri:1, instance:TestCases.TC_003_GiftCards@6743e411]" started-at="2024-02-15T12:28:05 IST" name="searchbookshelves" finished-at="2024-02-15T12:28:50 IST" duration-ms="45009" status="PASS">
          <reporter-output>
          </reporter-output>
        </test-method> <!-- searchbookshelves -->
        <test-method signature="Items()[pri:3, instance:TestCases.TC_003_GiftCards@6743e411]" started-at="2024-02-15T12:28:51 IST" name="Items" finished-at="2024-02-15T12:29:07 IST" duration-ms="16059" status="PASS">
          <reporter-output>
          </reporter-output>
        </test-method> <!-- Items -->
        <test-method signature="ClickGiftCards(java.lang.String,java.lang.String,java.lang.String,java.lang.String,java.lang.String,java.lang.String,java.lang.String,java.lang.String,java.lang.String,java.lang.String,java.lang.String)[pri:4, instance:TestCases.TC_003_GiftCards@6743e411]" started-at="2024-02-15T12:29:11 IST" name="ClickGiftCards" data-provider="giftData" finished-at="2024-02-15T12:29:51 IST" duration-ms="40141" status="PASS">
          <params>
            <param index="0">
              <value>
                <![CDATA[1500]]>
              </value>
            </param>
            <param index="1">
              <value>
                <![CDATA[Manish]]>
              </value>
            </param>
            <param index="2">
              <value>
                <![CDATA[manish@gmail.com]]>
              </value>
            </param>
            <param index="3">
              <value>
                <![CDATA[9876543210]]>
              </value>
            </param>
            <param index="4">
              <value>
                <![CDATA[Nikhil]]>
              </value>
            </param>
            <param index="5">
              <value>
                <![CDATA[nikhil@gmail.com]]>
              </value>
            </param>
            <param index="6">
              <value>
                <![CDATA[9988776655]]>
              </value>
            </param>
            <param index="7">
              <value>
                <![CDATA[Bangalore]]>
              </value>
            </param>
            <param index="8">
              <value>
                <![CDATA[560045]]>
              </value>
            </param>
            <param index="9">
              <value>
                <![CDATA[Nagavara]]>
              </value>
            </param>
            <param index="10">
              <value>
                <![CDATA[manish@rrkl]]>
              </value>
            </param>
          </params>
          <reporter-output>
          </reporter-output>
        </test-method> <!-- ClickGiftCards -->
        <test-method signature="GetErrorMsg()[pri:6, instance:TestCases.TC_003_GiftCards@6743e411]" started-at="2024-02-15T12:29:51 IST" name="GetErrorMsg" finished-at="2024-02-15T12:30:04 IST" duration-ms="13196" status="PASS">
          <reporter-output>
          </reporter-output>
        </test-method> <!-- GetErrorMsg -->
        <test-method signature="ValidateDetails(java.lang.String,java.lang.String,java.lang.String,java.lang.String,java.lang.String,java.lang.String,java.lang.String,java.lang.String,java.lang.String,java.lang.String,java.lang.String)[pri:7, instance:TestCases.TC_003_GiftCards@6743e411]" started-at="2024-02-15T12:30:06 IST" name="ValidateDetails" data-provider="giftData" finished-at="2024-02-15T12:30:26 IST" duration-ms="20145" status="PASS">
          <params>
            <param index="0">
              <value>
                <![CDATA[1500]]>
              </value>
            </param>
            <param index="1">
              <value>
                <![CDATA[Manish]]>
              </value>
            </param>
            <param index="2">
              <value>
                <![CDATA[manish@gmail.com]]>
              </value>
            </param>
            <param index="3">
              <value>
                <![CDATA[9876543210]]>
              </value>
            </param>
            <param index="4">
              <value>
                <![CDATA[Nikhil]]>
              </value>
            </param>
            <param index="5">
              <value>
                <![CDATA[nikhil@gmail.com]]>
              </value>
            </param>
            <param index="6">
              <value>
                <![CDATA[9988776655]]>
              </value>
            </param>
            <param index="7">
              <value>
                <![CDATA[Bangalore]]>
              </value>
            </param>
            <param index="8">
              <value>
                <![CDATA[560045]]>
              </value>
            </param>
            <param index="9">
              <value>
                <![CDATA[Nagavara]]>
              </value>
            </param>
            <param index="10">
              <value>
                <![CDATA[manish@rrkl]]>
              </value>
            </param>
          </params>
          <reporter-output>
          </reporter-output>
        </test-method> <!-- ValidateDetails -->
        <test-method is-config="true" signature="tearDown()[pri:0, instance:TestCases.TC_003_GiftCards@6743e411]" started-at="2024-02-15T12:30:27 IST" name="tearDown" finished-at="2024-02-15T12:30:29 IST" duration-ms="1222" status="PASS">
          <reporter-output>
          </reporter-output>
        </test-method> <!-- tearDown -->
      </class> <!-- TestCases.TC_003_GiftCards -->
    </test> <!-- Test1 -->
  </suite> <!-- Suite -->
</testng-results>
